#
# There is insufficient memory for the Java Runtime Environment to continue.
# Native memory allocation (malloc) failed to allocate 307376 bytes for Chunk::new
# Possible reasons:
#   The system is out of physical RAM or swap space
#   The process is running with CompressedOops enabled, and the Java Heap may be blocking the growth of the native heap
# Possible solutions:
#   Reduce memory load on the system
#   Increase physical memory or swap space
#   Check if swap backing store is full
#   Decrease Java heap size (-Xmx/-Xms)
#   Decrease number of Java threads
#   Decrease Java thread stack sizes (-Xss)
#   Set larger code cache with -XX:ReservedCodeCacheSize=
#   JVM is running with Unscaled Compressed Oops mode in which the Java heap is
#     placed in the first 4GB address space. The Java Heap base address is the
#     maximum limit for the native heap growth. Please use -XX:HeapBaseMinAddress
#     to set the Java Heap base and to place the Java Heap above 4GB virtual address.
# This output file may be truncated or incomplete.
#
#  Out of Memory Error (allocation.cpp:389), pid=28780, tid=0x0000000000005eb8
#
# JRE version: OpenJDK Runtime Environment (8.0_202-b03) (build 1.8.0_202-release-1483-b03)
# Java VM: OpenJDK 64-Bit Server VM (25.202-b03 mixed mode windows-amd64 compressed oops)
# Failed to write core dump. Minidumps are not enabled by default on client versions of Windows
#

---------------  T H R E A D  ---------------

Current thread (0x0000000018802000):  JavaThread "C2 CompilerThread1" daemon [_thread_in_native, id=24248, stack(0x0000000019100000,0x0000000019200000)]

Stack: [0x0000000019100000,0x0000000019200000]
[error occurred during error reporting (printing stack bounds), id 0xc0000005]

Native frames: (J=compiled Java code, j=interpreted, Vv=VM code, C=native code)


Current CompileTask:
C2:  17191 3991       4       com.sun.beans.TypeResolver::resolve (37 bytes)


---------------  P R O C E S S  ---------------

Java Threads: ( => current thread )
  0x000000001d851800 JavaThread "Cache worker for Build Output Cleanup Cache (C:\Users\bliss\Desktop\Eyetracking-service-master\Eyetracking-service-master\.gradle\buildOutputCleanup)" [_thread_blocked, id=32796, stack(0x0000000022030000,0x0000000022130000)]
  0x000000001d844000 JavaThread "Build operations Thread 8" [_thread_blocked, id=27396, stack(0x0000000022d80000,0x0000000022e80000)]
  0x000000001d846800 JavaThread "Build operations Thread 7" [_thread_blocked, id=21216, stack(0x0000000022c80000,0x0000000022d80000)]
  0x000000001d843800 JavaThread "Build operations Thread 6" [_thread_blocked, id=19676, stack(0x0000000022b80000,0x0000000022c80000)]
  0x000000001d84a000 JavaThread "Build operations Thread 5" [_thread_blocked, id=3676, stack(0x0000000022a80000,0x0000000022b80000)]
  0x000000001d849800 JavaThread "Build operations Thread 4" [_thread_blocked, id=32984, stack(0x0000000022980000,0x0000000022a80000)]
  0x000000001d845800 JavaThread "Build operations Thread 3" [_thread_blocked, id=31460, stack(0x0000000022880000,0x0000000022980000)]
  0x000000001d848800 JavaThread "Build operations Thread 2" [_thread_blocked, id=28228, stack(0x0000000022780000,0x0000000022880000)]
  0x000000001d845000 JavaThread "Build operations" [_thread_blocked, id=21712, stack(0x0000000022250000,0x0000000022350000)]
  0x000000001d847000 JavaThread "Cache worker for execution history cache (C:\Users\bliss\.gradle\caches\5.4.1\executionHistory)" [_thread_blocked, id=18836, stack(0x0000000022150000,0x0000000022250000)]
  0x000000001d848000 JavaThread "Cache worker for cache directory md-rule (C:\Users\bliss\.gradle\caches\5.4.1\md-rule)" [_thread_blocked, id=21880, stack(0x0000000021f30000,0x0000000022030000)]
  0x000000001a51a800 JavaThread "Cache worker for cache directory md-supplier (C:\Users\bliss\.gradle\caches\5.4.1\md-supplier)" [_thread_blocked, id=4000, stack(0x0000000021e30000,0x0000000021f30000)]
  0x000000001a51e800 JavaThread "Cache worker for file hash cache (C:\Users\bliss\Desktop\Eyetracking-service-master\Eyetracking-service-master\.gradle\5.4.1\fileHashes)" [_thread_blocked, id=32128, stack(0x000000001f340000,0x000000001f440000)]
  0x000000001a521800 JavaThread "Cache worker for journal cache (C:\Users\bliss\.gradle\caches\journal-1)" [_thread_blocked, id=32828, stack(0x000000001c0d0000,0x000000001c1d0000)]
  0x000000001a51c000 JavaThread "File lock request listener" [_thread_in_native, id=22940, stack(0x000000001bfd0000,0x000000001c0d0000)]
  0x000000001a51b800 JavaThread "Cache worker for file hash cache (C:\Users\bliss\.gradle\caches\5.4.1\fileHashes)" [_thread_blocked, id=15024, stack(0x000000001bcd0000,0x000000001bdd0000)]
  0x0000000019b76000 JavaThread "Thread-9" [_thread_blocked, id=25768, stack(0x000000001bbd0000,0x000000001bcd0000)]
  0x0000000018a6b000 JavaThread "Stdin handler" [_thread_blocked, id=29496, stack(0x000000001bad0000,0x000000001bbd0000)]
  0x0000000018a6a800 JavaThread "Asynchronous log dispatcher for DefaultDaemonConnection: socket connection from /127.0.0.1:58240 to /127.0.0.1:58241" [_thread_blocked, id=5980, stack(0x000000001b9d0000,0x000000001bad0000)]
  0x0000000019cc0800 JavaThread "Daemon worker" [_thread_in_vm, id=5652, stack(0x000000001b8d0000,0x000000001b9d0000)]
  0x0000000018ae7000 JavaThread "Cancel handler" [_thread_blocked, id=28364, stack(0x000000001b7d0000,0x000000001b8d0000)]
  0x0000000018a03000 JavaThread "Handler for socket connection from /127.0.0.1:58240 to /127.0.0.1:58241" [_thread_in_native, id=32548, stack(0x000000001b4d0000,0x000000001b5d0000)]
  0x0000000019694800 JavaThread "Daemon" [_thread_blocked, id=17648, stack(0x000000001b3d0000,0x000000001b4d0000)]
  0x000000001883f800 JavaThread "Daemon periodic checks" [_thread_blocked, id=23596, stack(0x000000001b2d0000,0x000000001b3d0000)]
  0x000000001883d000 JavaThread "Incoming local TCP Connector on port 58240" [_thread_in_native, id=32476, stack(0x000000001b0f0000,0x000000001b1f0000)]
  0x000000001a67c000 JavaThread "Daemon health stats" [_thread_blocked, id=29512, stack(0x000000001add0000,0x000000001aed0000)]
  0x000000001889b000 JavaThread "Service Thread" daemon [_thread_blocked, id=12244, stack(0x0000000019400000,0x0000000019500000)]
  0x0000000018832000 JavaThread "C1 CompilerThread3" daemon [_thread_blocked, id=17296, stack(0x0000000019300000,0x0000000019400000)]
  0x0000000018807000 JavaThread "C2 CompilerThread2" daemon [_thread_blocked, id=23988, stack(0x0000000019200000,0x0000000019300000)]
=>0x0000000018802000 JavaThread "C2 CompilerThread1" daemon [_thread_in_native, id=24248, stack(0x0000000019100000,0x0000000019200000)]
  0x00000000187aa000 JavaThread "C2 CompilerThread0" daemon [_thread_in_native, id=18344, stack(0x0000000019000000,0x0000000019100000)]
  0x00000000187a9000 JavaThread "Attach Listener" daemon [_thread_blocked, id=27116, stack(0x0000000018f00000,0x0000000019000000)]
  0x0000000018800000 JavaThread "Signal Dispatcher" daemon [_thread_blocked, id=21452, stack(0x0000000018e00000,0x0000000018f00000)]
  0x0000000002bc9800 JavaThread "Finalizer" daemon [_thread_blocked, id=29720, stack(0x0000000018c70000,0x0000000018d70000)]
  0x000000001698c800 JavaThread "Reference Handler" daemon [_thread_blocked, id=33776, stack(0x0000000018b70000,0x0000000018c70000)]
  0x0000000002ace800 JavaThread "main" [_thread_blocked, id=31820, stack(0x00000000029a0000,0x0000000002aa0000)]

Other Threads:
  0x0000000016985800 VMThread [stack: 0x0000000018670000,0x0000000018770000] [id=25828]
  0x0000000018869000 WatcherThread [stack: 0x0000000019500000,0x0000000019600000] [id=24004]

VM state:not at safepoint (normal execution)

VM Mutex/Monitor currently owned by a thread: None

heap address: 0x00000000a0000000, size: 1536 MB, Compressed Oops mode: 32-bit
Narrow klass base: 0x0000000000000000, Narrow klass shift: 3
Compressed class space size: 1073741824 Address: 0x0000000100000000

Heap:
 PSYoungGen      total 123904K, used 41607K [0x00000000e0000000, 0x00000000ea700000, 0x0000000100000000)
  eden space 114176K, 27% used [0x00000000e0000000,0x00000000e1f22bb0,0x00000000e6f80000)
  from space 9728K, 99% used [0x00000000e7d80000,0x00000000e86ff1b8,0x00000000e8700000)
  to   space 14336K, 0% used [0x00000000e6f80000,0x00000000e6f80000,0x00000000e7d80000)
 ParOldGen       total 55296K, used 23016K [0x00000000a0000000, 0x00000000a3600000, 0x00000000e0000000)
  object space 55296K, 41% used [0x00000000a0000000,0x00000000a167a1e8,0x00000000a3600000)
 Metaspace       used 47310K, capacity 48444K, committed 48768K, reserved 1091584K
  class space    used 6364K, capacity 6673K, committed 6784K, reserved 1048576K

Card table byte_map: [0x0000000011f90000,0x00000000122a0000] byte_map_base: 0x0000000011a90000

Marking Bits: (ParMarkBitMap*) 0x00000000630c9f30
 Begin Bits: [0x0000000012ca0000, 0x00000000144a0000)
 End Bits:   [0x00000000144a0000, 0x0000000015ca0000)

Polling page: 0x0000000000ae0000

CodeCache: size=245760Kb used=13190Kb max_used=13677Kb free=232569Kb
 bounds [0x0000000002bd0000, 0x0000000003940000, 0x0000000011bd0000]
 total_blobs=4607 nmethods=3842 adapters=677
 compilation: enabled

Compilation events (10 events):
Event: 17.166 Thread 0x0000000018832000 4158       3       jdk.internal.org.objectweb.asm.MethodWriter::put (1599 bytes)
Event: 17.173 Thread 0x0000000018832000 nmethod 4158 0x0000000003934410 code [0x0000000003934ca0, 0x00000000039386b8]
Event: 17.174 Thread 0x0000000018832000 4156       3       java.lang.invoke.DirectMethodHandle::maybeCompile (18 bytes)
Event: 17.174 Thread 0x0000000018832000 nmethod 4156 0x0000000002e57210 code [0x0000000002e57380, 0x0000000002e57618]
Event: 17.175 Thread 0x0000000018832000 4157       3       java.lang.invoke.DirectMethodHandle::<init> (132 bytes)
Event: 17.177 Thread 0x0000000018832000 nmethod 4157 0x0000000002e95510 code [0x0000000002e957c0, 0x0000000002e96fd8]
Event: 17.177 Thread 0x0000000018832000 4159       3       java.lang.invoke.MemberName::isField (7 bytes)
Event: 17.177 Thread 0x0000000018832000 nmethod 4159 0x000000000312f750 code [0x000000000312f8c0, 0x000000000312fb30]
Event: 17.186 Thread 0x0000000018832000 4160       3       com.google.common.base.Preconditions::checkNotNull (14 bytes)
Event: 17.186 Thread 0x0000000018832000 nmethod 4160 0x0000000002dbce90 code [0x0000000002dbd000, 0x0000000002dbd228]

GC Heap History (10 events):
Event: 12.464 GC heap before
{Heap before GC invocations=8 (full 1):
 PSYoungGen      total 76288K, used 65536K [0x00000000e0000000, 0x00000000e5500000, 0x0000000100000000)
  eden space 65536K, 100% used [0x00000000e0000000,0x00000000e4000000,0x00000000e4000000)
  from space 10752K, 0% used [0x00000000e4a80000,0x00000000e4a80000,0x00000000e5500000)
  to   space 10752K, 0% used [0x00000000e4000000,0x00000000e4000000,0x00000000e4a80000)
 ParOldGen       total 55296K, used 10368K [0x00000000a0000000, 0x00000000a3600000, 0x00000000e0000000)
  object space 55296K, 18% used [0x00000000a0000000,0x00000000a0a201b8,0x00000000a3600000)
 Metaspace       used 28978K, capacity 29630K, committed 30080K, reserved 1075200K
  class space    used 3904K, capacity 4100K, committed 4224K, reserved 1048576K
Event: 12.484 GC heap after
Heap after GC invocations=8 (full 1):
 PSYoungGen      total 76288K, used 8123K [0x00000000e0000000, 0x00000000e8800000, 0x0000000100000000)
  eden space 65536K, 0% used [0x00000000e0000000,0x00000000e0000000,0x00000000e4000000)
  from space 10752K, 75% used [0x00000000e4000000,0x00000000e47eeed0,0x00000000e4a80000)
  to   space 10752K, 0% used [0x00000000e7d80000,0x00000000e7d80000,0x00000000e8800000)
 ParOldGen       total 55296K, used 10376K [0x00000000a0000000, 0x00000000a3600000, 0x00000000e0000000)
  object space 55296K, 18% used [0x00000000a0000000,0x00000000a0a221b8,0x00000000a3600000)
 Metaspace       used 28978K, capacity 29630K, committed 30080K, reserved 1075200K
  class space    used 3904K, capacity 4100K, committed 4224K, reserved 1048576K
}
Event: 13.448 GC heap before
{Heap before GC invocations=9 (full 1):
 PSYoungGen      total 76288K, used 73659K [0x00000000e0000000, 0x00000000e8800000, 0x0000000100000000)
  eden space 65536K, 100% used [0x00000000e0000000,0x00000000e4000000,0x00000000e4000000)
  from space 10752K, 75% used [0x00000000e4000000,0x00000000e47eeed0,0x00000000e4a80000)
  to   space 10752K, 0% used [0x00000000e7d80000,0x00000000e7d80000,0x00000000e8800000)
 ParOldGen       total 55296K, used 10376K [0x00000000a0000000, 0x00000000a3600000, 0x00000000e0000000)
  object space 55296K, 18% used [0x00000000a0000000,0x00000000a0a221b8,0x00000000a3600000)
 Metaspace       used 32296K, capacity 32866K, committed 33152K, reserved 1077248K
  class space    used 4443K, capacity 4624K, committed 4736K, reserved 1048576K
Event: 13.459 GC heap after
Heap after GC invocations=9 (full 1):
 PSYoungGen      total 126464K, used 8630K [0x00000000e0000000, 0x00000000e8700000, 0x0000000100000000)
  eden space 116736K, 0% used [0x00000000e0000000,0x00000000e0000000,0x00000000e7200000)
  from space 9728K, 88% used [0x00000000e7d80000,0x00000000e85ed828,0x00000000e8700000)
  to   space 10752K, 0% used [0x00000000e7200000,0x00000000e7200000,0x00000000e7c80000)
 ParOldGen       total 55296K, used 10384K [0x00000000a0000000, 0x00000000a3600000, 0x00000000e0000000)
  object space 55296K, 18% used [0x00000000a0000000,0x00000000a0a241b8,0x00000000a3600000)
 Metaspace       used 32296K, capacity 32866K, committed 33152K, reserved 1077248K
  class space    used 4443K, capacity 4624K, committed 4736K, reserved 1048576K
}
Event: 14.632 GC heap before
{Heap before GC invocations=10 (full 1):
 PSYoungGen      total 126464K, used 60652K [0x00000000e0000000, 0x00000000e8700000, 0x0000000100000000)
  eden space 116736K, 44% used [0x00000000e0000000,0x00000000e32cdb40,0x00000000e7200000)
  from space 9728K, 88% used [0x00000000e7d80000,0x00000000e85ed828,0x00000000e8700000)
  to   space 10752K, 0% used [0x00000000e7200000,0x00000000e7200000,0x00000000e7c80000)
 ParOldGen       total 55296K, used 10384K [0x00000000a0000000, 0x00000000a3600000, 0x00000000e0000000)
  object space 55296K, 18% used [0x00000000a0000000,0x00000000a0a241b8,0x00000000a3600000)
 Metaspace       used 34655K, capacity 35436K, committed 35496K, reserved 1079296K
  class space    used 4775K, capacity 4966K, committed 4992K, reserved 1048576K
Event: 14.649 GC heap after
Heap after GC invocations=10 (full 1):
 PSYoungGen      total 127488K, used 10405K [0x00000000e0000000, 0x00000000e8700000, 0x0000000100000000)
  eden space 116736K, 0% used [0x00000000e0000000,0x00000000e0000000,0x00000000e7200000)
  from space 10752K, 96% used [0x00000000e7200000,0x00000000e7c29588,0x00000000e7c80000)
  to   space 9728K, 0% used [0x00000000e7d80000,0x00000000e7d80000,0x00000000e8700000)
 ParOldGen       total 55296K, used 10392K [0x00000000a0000000, 0x00000000a3600000, 0x00000000e0000000)
  object space 55296K, 18% used [0x00000000a0000000,0x00000000a0a261b8,0x00000000a3600000)
 Metaspace       used 34655K, capacity 35436K, committed 35496K, reserved 1079296K
  class space    used 4775K, capacity 4966K, committed 4992K, reserved 1048576K
}
Event: 14.649 GC heap before
{Heap before GC invocations=11 (full 2):
 PSYoungGen      total 127488K, used 10405K [0x00000000e0000000, 0x00000000e8700000, 0x0000000100000000)
  eden space 116736K, 0% used [0x00000000e0000000,0x00000000e0000000,0x00000000e7200000)
  from space 10752K, 96% used [0x00000000e7200000,0x00000000e7c29588,0x00000000e7c80000)
  to   space 9728K, 0% used [0x00000000e7d80000,0x00000000e7d80000,0x00000000e8700000)
 ParOldGen       total 55296K, used 10392K [0x00000000a0000000, 0x00000000a3600000, 0x00000000e0000000)
  object space 55296K, 18% used [0x00000000a0000000,0x00000000a0a261b8,0x00000000a3600000)
 Metaspace       used 34655K, capacity 35436K, committed 35496K, reserved 1079296K
  class space    used 4775K, capacity 4966K, committed 4992K, reserved 1048576K
Event: 14.794 GC heap after
Heap after GC invocations=11 (full 2):
 PSYoungGen      total 127488K, used 0K [0x00000000e0000000, 0x00000000e8700000, 0x0000000100000000)
  eden space 116736K, 0% used [0x00000000e0000000,0x00000000e0000000,0x00000000e7200000)
  from space 10752K, 0% used [0x00000000e7200000,0x00000000e7200000,0x00000000e7c80000)
  to   space 9728K, 0% used [0x00000000e7d80000,0x00000000e7d80000,0x00000000e8700000)
 ParOldGen       total 55296K, used 17535K [0x00000000a0000000, 0x00000000a3600000, 0x00000000e0000000)
  object space 55296K, 31% used [0x00000000a0000000,0x00000000a111fd60,0x00000000a3600000)
 Metaspace       used 34637K, capacity 35376K, committed 35496K, reserved 1079296K
  class space    used 4770K, capacity 4956K, committed 4992K, reserved 1048576K
}
Event: 16.695 GC heap before
{Heap before GC invocations=12 (full 2):
 PSYoungGen      total 127488K, used 116736K [0x00000000e0000000, 0x00000000e8700000, 0x0000000100000000)
  eden space 116736K, 100% used [0x00000000e0000000,0x00000000e7200000,0x00000000e7200000)
  from space 10752K, 0% used [0x00000000e7200000,0x00000000e7200000,0x00000000e7c80000)
  to   space 9728K, 0% used [0x00000000e7d80000,0x00000000e7d80000,0x00000000e8700000)
 ParOldGen       total 55296K, used 17535K [0x00000000a0000000, 0x00000000a3600000, 0x00000000e0000000)
  object space 55296K, 31% used [0x00000000a0000000,0x00000000a111fd60,0x00000000a3600000)
 Metaspace       used 45421K, capacity 46486K, committed 46720K, reserved 1089536K
  class space    used 6115K, capacity 6418K, committed 6528K, reserved 1048576K
Event: 16.713 GC heap after
Heap after GC invocations=12 (full 2):
 PSYoungGen      total 123904K, used 9724K [0x00000000e0000000, 0x00000000ea700000, 0x0000000100000000)
  eden space 114176K, 0% used [0x00000000e0000000,0x00000000e0000000,0x00000000e6f80000)
  from space 9728K, 99% used [0x00000000e7d80000,0x00000000e86ff1b8,0x00000000e8700000)
  to   space 14336K, 0% used [0x00000000e6f80000,0x00000000e6f80000,0x00000000e7d80000)
 ParOldGen       total 55296K, used 23016K [0x00000000a0000000, 0x00000000a3600000, 0x00000000e0000000)
  object space 55296K, 41% used [0x00000000a0000000,0x00000000a167a1e8,0x00000000a3600000)
 Metaspace       used 45421K, capacity 46486K, committed 46720K, reserved 1089536K
  class space    used 6115K, capacity 6418K, committed 6528K, reserved 1048576K
}

Deoptimization events (10 events):
Event: 15.864 Thread 0x0000000019cc0800 Uncommon trap: reason=unstable_if action=reinterpret pc=0x00000000030d4130 method=java.util.jar.JarFile.maybeInstantiateVerifier()V @ 4
Event: 15.866 Thread 0x0000000019cc0800 Uncommon trap: reason=unstable_if action=reinterpret pc=0x00000000035803f0 method=java.security.CodeSource.<init>(Ljava/net/URL;[Ljava/security/CodeSigner;)V @ 25
Event: 15.869 Thread 0x0000000019cc0800 Uncommon trap: reason=unstable_if action=reinterpret pc=0x0000000003132e6c method=java.security.CodeSource.getCertificates()[Ljava/security/cert/Certificate; @ 22
Event: 15.869 Thread 0x0000000019cc0800 Uncommon trap: reason=unstable_if action=reinterpret pc=0x0000000003470a3c method=java.util.jar.JarFile.maybeInstantiateVerifier()V @ 4
Event: 15.870 Thread 0x0000000019cc0800 Uncommon trap: reason=unstable_if action=reinterpret pc=0x0000000003584708 method=java.security.CodeSource.matchCerts(Ljava/security/CodeSource;Z)Z @ 11
Event: 15.912 Thread 0x0000000019cc0800 Uncommon trap: reason=unstable_if action=reinterpret pc=0x00000000035a3840 method=java.util.LinkedHashMap.get(Ljava/lang/Object;)Ljava/lang/Object; @ 20
Event: 15.991 Thread 0x0000000019cc0800 Uncommon trap: reason=unstable_if action=reinterpret pc=0x0000000002e15168 method=org.objectweb.asm.ByteVector.putUTF8(Ljava/lang/String;)Lorg/objectweb/asm/ByteVector; @ 93
Event: 16.498 Thread 0x0000000019cc0800 Uncommon trap: reason=unstable_if action=reinterpret pc=0x00000000034256a0 method=org.gradle.internal.reflect.PropertyAccessorType.of(Ljava/lang/reflect/Method;)Lorg/gradle/internal/reflect/PropertyAccessorType; @ 56
Event: 16.743 Thread 0x0000000019cc0800 Uncommon trap: reason=unstable_if action=reinterpret pc=0x00000000034900fc method=org.codehaus.groovy.runtime.metaclass.MetaMethodIndex.addMethodToList(Ljava/lang/Object;Lgroovy/lang/MetaMethod;)Ljava/lang/Object; @ 256
Event: 17.012 Thread 0x0000000019cc0800 Uncommon trap: reason=unstable_if action=reinterpret pc=0x00000000037b1970 method=org.gradle.internal.instantiation.AbstractClassGenerator$InjectionAnnotationValidator.validateMethod(Ljava/lang/reflect/Method;Lorg/gradle/internal/reflect/PropertyAccessorT

Classes redefined (0 events):
No events

Internal exceptions (10 events):
Event: 16.862 Thread 0x0000000019cc0800 Exception <a 'java/lang/ClassNotFoundException': org/gradle/api/internal/artifacts/dependencies/DefaultExternalModuleDependency_DecoratedBeanInfo> (0x00000000e11da5b0) thrown at [D:\src\AOSP-openjdk-cygwin\jdk8u\hotspot\src\share\vm\classfile\systemDictio
Event: 16.863 Thread 0x0000000019cc0800 Exception <a 'java/lang/ClassNotFoundException': org/gradle/api/internal/artifacts/dependencies/DefaultExternalModuleDependencyBeanInfo> (0x00000000e12398f8) thrown at [D:\src\AOSP-openjdk-cygwin\jdk8u\hotspot\src\share\vm\classfile\systemDictionary.cpp, 
Event: 16.866 Thread 0x0000000019cc0800 Exception <a 'java/lang/ClassNotFoundException': org/gradle/api/internal/artifacts/dependencies/AbstractExternalModuleDependencyBeanInfo> (0x00000000e1299e10) thrown at [D:\src\AOSP-openjdk-cygwin\jdk8u\hotspot\src\share\vm\classfile\systemDictionary.cpp,
Event: 16.867 Thread 0x0000000019cc0800 Exception <a 'java/lang/ClassNotFoundException': org/gradle/api/internal/artifacts/dependencies/AbstractModuleDependencyBeanInfo> (0x00000000e12de020) thrown at [D:\src\AOSP-openjdk-cygwin\jdk8u\hotspot\src\share\vm\classfile\systemDictionary.cpp, line 21
Event: 16.869 Thread 0x0000000019cc0800 Exception <a 'java/lang/ClassNotFoundException': org/gradle/api/internal/artifacts/dependencies/AbstractDependencyBeanInfo> (0x00000000e131e348) thrown at [D:\src\AOSP-openjdk-cygwin\jdk8u\hotspot\src\share\vm\classfile\systemDictionary.cpp, line 210]
Event: 16.870 Thread 0x0000000019cc0800 Exception <a 'java/lang/ClassNotFoundException': org/gradle/api/internal/artifacts/dependencies/AbstractDependencyCustomizer> (0x00000000e1360a18) thrown at [D:\src\AOSP-openjdk-cygwin\jdk8u\hotspot\src\share\vm\classfile\systemDictionary.cpp, line 210]
Event: 16.872 Thread 0x0000000019cc0800 Exception <a 'java/lang/ClassNotFoundException': org/gradle/api/internal/artifacts/dependencies/AbstractModuleDependencyCustomizer> (0x00000000e13a8fc8) thrown at [D:\src\AOSP-openjdk-cygwin\jdk8u\hotspot\src\share\vm\classfile\systemDictionary.cpp, line 
Event: 16.874 Thread 0x0000000019cc0800 Exception <a 'java/lang/ClassNotFoundException': org/gradle/api/internal/artifacts/dependencies/AbstractExternalModuleDependencyCustomizer> (0x00000000e142fb28) thrown at [D:\src\AOSP-openjdk-cygwin\jdk8u\hotspot\src\share\vm\classfile\systemDictionary.cp
Event: 16.876 Thread 0x0000000019cc0800 Exception <a 'java/lang/ClassNotFoundException': org/gradle/api/internal/artifacts/dependencies/DefaultExternalModuleDependencyCustomizer> (0x00000000e14a6090) thrown at [D:\src\AOSP-openjdk-cygwin\jdk8u\hotspot\src\share\vm\classfile\systemDictionary.cpp
Event: 16.878 Thread 0x0000000019cc0800 Exception <a 'java/lang/ClassNotFoundException': org/gradle/api/internal/artifacts/dependencies/DefaultExternalModuleDependency_DecoratedCustomizer> (0x00000000e151d018) thrown at [D:\src\AOSP-openjdk-cygwin\jdk8u\hotspot\src\share\vm\classfile\systemDict

Events (10 events):
Event: 17.186 loading class com/android/build/api/transform/QualifiedContent$Scope done
Event: 17.186 Thread 0x0000000018832000 flushing nmethod 0x00000000033cc4d0
Event: 17.186 Thread 0x0000000018832000 flushing nmethod 0x00000000033ce310
Event: 17.186 Thread 0x0000000018832000 flushing nmethod 0x00000000033da210
Event: 17.186 Thread 0x0000000018832000 flushing nmethod 0x00000000033de110
Event: 17.187 Thread 0x0000000018832000 flushing nmethod 0x0000000003413610
Event: 17.187 loading class com/android/build/gradle/internal/InternalScope
Event: 17.187 loading class com/android/build/gradle/internal/InternalScope done
Event: 17.188 loading class com/android/build/gradle/internal/scope/MutableTaskContainer
Event: 17.188 loading class com/android/build/gradle/internal/scope/MutableTaskContainer done


Dynamic libraries:
0x00007ff6a58f0000 - 0x00007ff6a5921000 	C:\Program Files\Android\Android Studio\jre\bin\java.exe
0x00007ffba7720000 - 0x00007ffba7910000 	C:\WINDOWS\SYSTEM32\ntdll.dll
0x00007ffba6ff0000 - 0x00007ffba70a2000 	C:\WINDOWS\System32\KERNEL32.DLL
0x00007ffba4fb0000 - 0x00007ffba5253000 	C:\WINDOWS\System32\KERNELBASE.dll
0x00007ffba6ed0000 - 0x00007ffba6f73000 	C:\WINDOWS\System32\ADVAPI32.dll
0x00007ffba75e0000 - 0x00007ffba767e000 	C:\WINDOWS\System32\msvcrt.dll
0x00007ffba71e0000 - 0x00007ffba7277000 	C:\WINDOWS\System32\sechost.dll
0x00007ffba59f0000 - 0x00007ffba5b10000 	C:\WINDOWS\System32\RPCRT4.dll
0x00007ffba5b80000 - 0x00007ffba5d14000 	C:\WINDOWS\System32\USER32.dll
0x00007ffba46b0000 - 0x00007ffba46d1000 	C:\WINDOWS\System32\win32u.dll
0x00007ffba6930000 - 0x00007ffba6956000 	C:\WINDOWS\System32\GDI32.dll
0x00007ffba55b0000 - 0x00007ffba5744000 	C:\WINDOWS\System32\gdi32full.dll
0x00007ffba54f0000 - 0x00007ffba558e000 	C:\WINDOWS\System32\msvcp_win.dll
0x00007ffba53f0000 - 0x00007ffba54ea000 	C:\WINDOWS\System32\ucrtbase.dll
0x00007ffb89530000 - 0x00007ffb897b5000 	C:\WINDOWS\WinSxS\amd64_microsoft.windows.common-controls_6595b64144ccf1df_6.0.18362.476_none_e6c4b11b130f2595\COMCTL32.dll
0x00007ffba72a0000 - 0x00007ffba75d6000 	C:\WINDOWS\System32\combase.dll
0x00007ffba5750000 - 0x00007ffba57d0000 	C:\WINDOWS\System32\bcryptPrimitives.dll
0x00007ffba6c70000 - 0x00007ffba6c9e000 	C:\WINDOWS\System32\IMM32.DLL
0x0000000062820000 - 0x00000000628f2000 	C:\Program Files\Android\Android Studio\jre\jre\bin\msvcr100.dll
0x0000000062900000 - 0x0000000063146000 	C:\Program Files\Android\Android Studio\jre\jre\bin\server\jvm.dll
0x00007ffba6be0000 - 0x00007ffba6be8000 	C:\WINDOWS\System32\PSAPI.DLL
0x00007ffb8b1b0000 - 0x00007ffb8b1b9000 	C:\WINDOWS\SYSTEM32\WSOCK32.dll
0x00007ffba6f80000 - 0x00007ffba6fef000 	C:\WINDOWS\System32\WS2_32.dll
0x00007ffb9de00000 - 0x00007ffb9de24000 	C:\WINDOWS\SYSTEM32\WINMM.dll
0x00007ffb95f10000 - 0x00007ffb95f1a000 	C:\WINDOWS\SYSTEM32\VERSION.dll
0x00007ffb9ddd0000 - 0x00007ffb9ddfd000 	C:\WINDOWS\SYSTEM32\winmmbase.dll
0x00007ffba52f0000 - 0x00007ffba533a000 	C:\WINDOWS\System32\cfgmgr32.dll
0x00007ffba31d0000 - 0x00007ffba31df000 	C:\Program Files\Android\Android Studio\jre\jre\bin\verify.dll
0x00007ffb9cb60000 - 0x00007ffb9cb89000 	C:\Program Files\Android\Android Studio\jre\jre\bin\java.dll
0x00007ffba31b0000 - 0x00007ffba31c6000 	C:\Program Files\Android\Android Studio\jre\jre\bin\zip.dll
0x00007ffba6190000 - 0x00007ffba6875000 	C:\WINDOWS\System32\SHELL32.dll
0x00007ffba57e0000 - 0x00007ffba5889000 	C:\WINDOWS\System32\shcore.dll
0x00007ffba46e0000 - 0x00007ffba4e5e000 	C:\WINDOWS\System32\windows.storage.dll
0x00007ffba4670000 - 0x00007ffba468f000 	C:\WINDOWS\System32\profapi.dll
0x00007ffba4620000 - 0x00007ffba466a000 	C:\WINDOWS\System32\powrprof.dll
0x00007ffba45f0000 - 0x00007ffba4600000 	C:\WINDOWS\System32\UMPDC.dll
0x00007ffba7680000 - 0x00007ffba76d2000 	C:\WINDOWS\System32\shlwapi.dll
0x00007ffba4600000 - 0x00007ffba4611000 	C:\WINDOWS\System32\kernel.appcore.dll
0x00007ffba5590000 - 0x00007ffba55a7000 	C:\WINDOWS\System32\cryptsp.dll
0x00007ffb933e0000 - 0x00007ffb933fa000 	C:\Program Files\Android\Android Studio\jre\jre\bin\net.dll
0x00007ffba3e60000 - 0x00007ffba3ec7000 	C:\WINDOWS\system32\mswsock.dll
0x00007ffb93130000 - 0x00007ffb93141000 	C:\Program Files\Android\Android Studio\jre\jre\bin\nio.dll
0x00007ffb6ad10000 - 0x00007ffb6ad36000 	C:\Users\bliss\.gradle\native\29\windows-amd64\native-platform.dll
0x00007ffb9eac0000 - 0x00007ffb9eacd000 	C:\Program Files\Android\Android Studio\jre\jre\bin\management.dll
0x00007ffba39d0000 - 0x00007ffba3a03000 	C:\WINDOWS\system32\rsaenh.dll
0x00007ffba52c0000 - 0x00007ffba52e6000 	C:\WINDOWS\System32\bcrypt.dll
0x00007ffba4510000 - 0x00007ffba4535000 	C:\WINDOWS\SYSTEM32\USERENV.dll
0x00007ffba4030000 - 0x00007ffba403c000 	C:\WINDOWS\SYSTEM32\CRYPTBASE.dll
0x00007ffba3b70000 - 0x00007ffba3baa000 	C:\WINDOWS\SYSTEM32\IPHLPAPI.DLL
0x00007ffba6b70000 - 0x00007ffba6b78000 	C:\WINDOWS\System32\NSI.dll
0x00007ffb95ef0000 - 0x00007ffb95f06000 	C:\WINDOWS\SYSTEM32\dhcpcsvc6.DLL
0x00007ffb95df0000 - 0x00007ffb95e0c000 	C:\WINDOWS\SYSTEM32\dhcpcsvc.DLL
0x00007ffba3bb0000 - 0x00007ffba3c7a000 	C:\WINDOWS\SYSTEM32\DNSAPI.dll

VM Arguments:
jvm_args: -Xmx1536m -Dfile.encoding=x-windows-949 -Duser.country=KR -Duser.language=ko -Duser.variant 
java_command: org.gradle.launcher.daemon.bootstrap.GradleDaemon 5.4.1
java_class_path (initial): C:\Users\bliss\.gradle\wrapper\dists\gradle-5.4.1-all\3221gyojl5jsh0helicew7rwx\gradle-5.4.1\lib\gradle-launcher-5.4.1.jar
Launcher Type: SUN_STANDARD

Environment Variables:
JAVA_HOME=C:\Program Files\Java\jdk1.8.0_201
PATH=C:\Program Files (x86)\Common Files\Oracle\Java\javapath;C:\Program Files (x86)\Intel\Intel(R) Management Engine Components\iCLS\;C:\Program Files\Intel\Intel(R) Management Engine Components\iCLS\;C:\WINDOWS\system32;C:\WINDOWS;C:\WINDOWS\System32\Wbem;C:\WINDOWS\System32\WindowsPowerShell\v1.0\;C:\WINDOWS\System32\OpenSSH\;C:\Program Files (x86)\Intel\Intel(R) Management Engine Components\DAL;C:\Program Files\Intel\Intel(R) Management Engine Components\DAL;C:\Program Files\Intel\WiFi\bin\;C:\Program Files\Common Files\Intel\WirelessCommon\;C:\Program Files\Java\jdk1.8.0_201\bin;C:\OpenSSL-Win64;C:\Program Files\Git\cmd;C:\MinGW\bin;C:\Program Files\MySQL\MySQL Shell 8.0\bin\;C:\Users\bliss\AppData\Local\Programs\Python\Python38\Scripts\;C:\Users\bliss\AppData\Local\Programs\Python\Python38\;C:\Users\bliss\AppData\Local\Microsoft\WindowsApps;C:\OpenSSL-Win64;C:\Users\bliss\AppData\Local\GitHubDesktop\bin;C:\Users\bliss\AppData\Local\Programs\Microsoft VS Code\bin
USERNAME=bliss
OS=Windows_NT
PROCESSOR_IDENTIFIER=Intel64 Family 6 Model 142 Stepping 11, GenuineIntel



---------------  S Y S T E M  ---------------

OS: Windows 10.0 , 64 bit Build 18362 (10.0.18362.329)

CPU:total 8 (initial active 8) (4 cores per cpu, 2 threads per core) family 6 model 142 stepping 11, cmov, cx8, fxsr, mmx, sse, sse2, sse3, ssse3, sse4.1, sse4.2, popcnt, avx, avx2, aes, clmul, erms, 3dnowpref, lzcnt, ht, tsc, tscinvbit, bmi1, bmi2, adx

Memory: 4k page, physical 8232828k(862156k free), swap 33398652k(5176k free)

vm_info: OpenJDK 64-Bit Server VM (25.202-b03) for windows-amd64 JRE (1.8.0_202-release-1483-b03), built by "builder" with MS VC++ 10.0 (VS2010)

time: Mon Dec 09 16:15:40 2019
timezone: 대한민국 표준시
elapsed time: 17 seconds (0d 0h 0m 17s)

